Iteration       Total Force       Perp Force        MaxU       MaxI    Stress on CI     
------------------------------------------------------------  
1     1.5654305762389744     1.5654305762389744     0.7959252978062921     4     0.0    0.1
2     1.363508654315977     1.3635065433482108     0.7852040977250141     4     0.0    0.1
3     1.4441228278907987     1.4441121258596419     0.7775581250888024     4     0.0    0.1
4     2.1054116993629353     2.1050304391444934     0.7694987425061868     4     0.0    0.1
5     1.7636337507962385     1.7631058685458887     0.7645687140169315     4     0.0    0.1
6     1.3186616203276256     1.3164100467303372     0.7602810175653332     4     0.0    0.1
7     1.09975240012278     1.099706915643826     0.757165315385933     4     0.0    0.1
8     1.1797911912208263     1.1797599738880031     0.7534727443745055     4     0.0    0.1
9     1.3273685530532688     1.3272562982022205     0.7498449049723206     4     0.0    0.1
10     1.053452320225293     1.0533193954793934     0.7470392994958672     4     0.0    0.1
11     0.9042625273357361     0.9025585603209982     0.7443741824392447     4     0.0    0.1
12     0.9640622754787538     0.9621710582108431     0.7414609358740734     4     0.0    0.1
13     1.11889155161841     1.1166876650437425     0.7383992678756925     4     0.0    0.1
14     0.8885532641379332     0.8860684393175348     0.7360601657122174     4     0.0    0.1
15     0.7650353094058441     0.7583529455500603     0.7336239865403513     4     0.0    0.1
16     0.8013918910476334     0.7947500801749255     0.730887828676785     4     0.0    0.1
17     0.929369161596927     0.9232151993279971     0.7280129485485105     4     0.0    0.1
18     0.7921608174193762     0.7915710798689852     0.7258326457723427     4     0.0    0.1
19     0.6488822946679039     0.6448245332792703     0.723735603551944     4     0.0    0.1
20     0.6781952042760785     0.6663805729544828     0.7207455842980579     4     0.0    0.1
21     0.7902183511824051     0.7795482242142017     0.718001171836093     4     0.0    0.1
22     0.7077214837937361     0.7076925151294542     0.7159846632768989     4     0.0    0.1
23     0.5734931830507567     0.571913537830814     0.7138839099179961     4     0.0    0.1
24     0.5748890704453462     0.558131350606087     0.7108735690229651     4     0.0    0.1
25     0.6671877479799476     0.6533581687527609     0.7083482805395818     4     0.0    0.1
26     0.5934629623629872     0.593364018630416     0.7065363168635201     4     0.0    0.1
27     0.4851844544042515     0.48484618746391966     0.7044078992796727     4     0.0    0.1
28     0.4930529583363665     0.4730486641990314     0.7014592995071354     4     0.0    0.1
29     0.5712713507600019     0.556283554385038     0.6992404955462064     4     0.0    0.1
30     0.522642687790511     0.5222322325247283     0.6975297037493249     4     0.0    0.1
31     0.4253515669427545     0.4253471935898107     0.6956184436077422     4     0.0    0.1
32     0.42807396436278067     0.4068219674685528     0.6927619227139417     4     0.0    0.1
33     0.5005548299070421     0.4855244607315587     0.6907995090877677     4     0.0    0.1
34     0.4342791801769397     0.43352978205356635     0.689083404913859     4     0.0    0.1
35     0.3634827955106588     0.3623287800417172     0.6874160381620271     4     0.0    0.1
36     0.3778673454992533     0.3570050199847225     0.6847979208812092     4     0.0    0.1
37     0.4303874810703472     0.41534397864236905     0.6829724338165306     4     0.0    0.1
38     0.37897138960659443     0.3779382614062262     0.6815167865292864     4     0.0    0.1
39     0.32570278472100084     0.31038201009054145     0.6799999061940554     4     0.0    0.1
40     0.33627783728024324     0.3171458026526508     0.6776113199242673     4     0.0    0.1
41     0.38164145187916     0.3682580619876195     0.6759959553066324     4     0.0    0.1
42     0.3339848920425679     0.33288670137974863     0.6747134392331446     4     0.0    0.1
43     0.29675669765598744     0.27955838620926027     0.6733667086835311     4     0.0    0.1
44     0.3005140496461125     0.28419078383342106     0.6713503658623807     4     0.0    0.1
45     0.3364389173236537     0.3245555127578546     0.6699163897108775     4     0.0    0.1
46     0.298454549012562     0.2964184111688754     0.6687862112311649     4     0.0    0.1
47     0.2685600569551654     0.25390359913041444     0.6675909907136912     4     0.0    0.1
48     0.2689834181322664     0.2551043583044998     0.6657864685408583     4     0.0    0.1
49     0.3013576819410889     0.2918556475341113     0.6646151242790381     4     0.0    0.1
50     0.2747335938641576     0.2653543045279203     0.6635891040610602     4     0.0    0.1
51     0.24627232391501558     0.23437266818604363     0.6625256381665707     4     0.0    0.1
52     0.24139208502020576     0.22994139348621548     0.6609974149395441     4     0.0    0.1
53     0.2679991388062356     0.26038440233600785     0.660024167363261     4     0.0    0.1
54     0.25247698497443233     0.24507859064338913     0.659111085557825     4     0.0    0.1
55     0.22563606804196915     0.21574525475395556     0.6581359099870809     4     0.0    0.1
56     0.2179844147911707     0.20877619312192983     0.6568330297213407     4     0.0    0.1
57     0.24223978135443028     0.23618686697407767     0.6559855102620418     4     0.0    0.1
58     0.2335524308375512     0.22786225747250838     0.6551851133236397     4     0.0    0.1
59     0.20740540330055762     0.19953536163703878     0.6543314918640277     4     0.0    0.1
60     0.19879168479580564     0.1913632991284453     0.6532151066328851     4     0.0    0.1
61     0.22181840079206766     0.2170288685421171     0.6524800543900966     4     0.0    0.1
62     0.21818551486269508     0.2138696878070209     0.6517619128500485     4     0.0    0.1
63     0.19320068673055316     0.1869134066492899     0.6510052492641023     4     0.0    0.1
64     0.1814912126755778     0.17580522240035978     0.6501276436432732     4     0.0    0.1
65     0.20142165747873506     0.1975543017015813     0.6494936647569034     4     0.0    0.1
66     0.20253751662057765     0.1992381289406583     0.6488716353916857     4     0.0    0.1
67     0.17891276057230304     0.1734305200083594     0.6481186504767749     4     0.0    0.1
68     0.1676232075583055     0.1632920904770762     0.647385478754714     4     0.0    0.1
69     0.1867035799261505     0.18376496133606143     0.6468460509605336     4     0.0    0.1
70     0.1895769496878831     0.1871914331722749     0.6463354421565413     4     0.0    0.1
71     0.16584276250868088     0.16172194307011828     0.6456821046789969     4     0.0    0.1
72     0.15434102809374892     0.15090341709375038     0.6450345787917797     4     0.0    0.1
73     0.17486669876139133     0.1726157082556809     0.6445505273177616     4     0.0    0.1
74     0.18139788361825615     0.17965681132236974     0.6441173723321896     4     0.0    0.1
75     0.15710734511532093     0.1543153030301351     0.6436767022937744     4     0.0    0.1
76     0.13971314568549006     0.13685563769379408     0.6430959131650127     4     0.0    0.1
77     0.15048540784992526     0.14869227830309234     0.6426826094811844     4     0.0    0.1
78     0.17387392245972486     0.17278448191530463     0.6423241959895023     4     0.0    0.1
79     0.15142748588388152     0.1492613549924055     0.6419027738553922     4     0.0    0.1
80     0.13069188159948586     0.12849315262429942     0.6414002321024981     4     0.0    0.1
81     0.1399993424642033     0.13853310090885596     0.6410085312976577     4     0.0    0.1
82     0.1597511064004475     0.1589983997093514     0.6407143914771893     4     0.0    0.1
83     0.14650429527049125     0.1450643405502877     0.6403816446063502     4     0.0    0.1
84     0.1258856789456607     0.12448809704410815     0.640033730784296     4     0.0    0.1
85     0.1303703793303287     0.12909439253982527     0.6396699416163187     4     0.0    0.1
86     0.14441130609288003     0.14376116581749343     0.639402471451632     4     0.0    0.1
87     0.13751741179192659     0.13655016450766044     0.6391510768383881     4     0.0    0.1
88     0.11830261417251398     0.11735471568068312     0.638865937545944     4     0.0    0.1
89     0.12385246365348401     0.12288045712037457     0.6385522469906704     4     0.0    0.1
90     0.13680762375225491     0.13631869885778417     0.6383211808459635     4     0.0    0.1
91     0.1269371570636546     0.12616856223294007     0.6381084763652893     4     0.0    0.1
92     0.10900226720794494     0.10835280135780678     0.6379092867463925     4     0.0    0.1
93     0.11486061814954009     0.11412897732847262     0.6376076250930538     4     0.0    0.1
94     0.1312827836885066     0.13090031785362774     0.637332275456231     4     0.0    0.1
95     0.12678887455109486     0.1261702677542258     0.6371230747823518     4     0.0    0.1
96     0.10774512123442273     0.10737971754015005     0.6369571019850753     4     0.0    0.1
97     0.10723627801806884     0.10669945169171713     0.6368056276296983     4     0.0    0.1
98     0.11583835087169768     0.11551950441539086     0.6366004881939205     4     0.0    0.1
99     0.12110054368307434     0.1206419170009401     0.6363934560490918     4     0.0    0.1
100     0.10424438513354106     0.1039472561993936     0.6362681810200002     4     0.0    0.1
101     0.1000294876661247     0.0994765306230748     0.6360439401050968     4     0.0    0.1
102     0.1057531264052577     0.10553457624299704     0.6358871306960765     4     0.0    0.1
103     0.11791266769970632     0.11734574148847068     0.6355661058740623     4     0.0    0.1
104     0.10207087515434046     0.1019184555868345     0.635516934170596     4     0.0    0.1
105     0.09360754260584993     0.09323501073266831     0.6353874505102652     4     0.0    0.1
106     0.09849746839365878     0.09833591496657244     0.6352775771618155     4     0.0    0.1
107     0.1101085229624221     0.10977903272452025     0.6350796655314781     4     0.0    0.1
108     0.09856512029310853     0.09841271742281961     0.634962569602024     4     0.0    0.1
109     0.08987135834189643     0.08944429109959694     0.6347835393573575     4     0.0    0.1
110     0.0930225144660208     0.09290638075480391     0.6347386876664558     4     0.0    0.1
111     0.10264299014444213     0.10240361547850045     0.6345953649344267     4     0.0    0.1
112     0.09298625801435445     0.09284189384958114     0.6344696903075402     4     0.0    0.1
113     0.08082143473599149     0.080469777799823     0.6343125551237279     4     0.0    0.1
114     0.08235328169605342     0.08229551337553506     0.6342548105222647     4     0.0    0.1
115     0.10018750741747867     0.0998954674189222     0.6341101707586603     4     0.0    0.1
116     0.09167583631827227     0.09162580086029369     0.6340417435916379     4     0.0    0.1
117     0.07795484267495391     0.07761674474109675     0.6339019830557504     4     0.0    0.1
118     0.07737271585311839     0.07733195030069986     0.6338185347200493     4     0.0    0.1
119     0.09160313448241166     0.09128766144079338     0.6336710729705004     4     0.0    0.1
120     0.09353508591832851     0.09353167564469966     0.6336431102830034     4     0.0    0.1
121     0.07936956950916232     0.07905223797739627     0.6335158458708321     4     0.0    0.1
122     0.07262050865728359     0.07257694074737177     0.6334783476446972     4     0.0    0.1
123     0.07859413416308243     0.07831602230429345     0.6333272182287146     4     0.0    0.1
124     0.0868086674143719     0.08680834886151206     0.6332860032636205     4     0.0    0.1
125     0.08099093196617463     0.08073405585855394     0.6331963583537714     4     0.0    0.1
126     0.07008946547669119     0.07005746316591387     0.6331581303455067     4     0.0    0.1
127     0.07071461800872876     0.07047592207780033     0.6330446188671459     4     0.0    0.1
128     0.07590794025814106     0.07589804814881317     0.6330079679358533     4     0.0    0.1
129     0.07982558440245328     0.07956036691330588     0.6328645288309644     4     0.0    0.1
130     0.06614885854373677     0.06613724858987918     0.6328554143859577     4     0.0    0.1
131     0.06593396277964525     0.06573480631376788     0.6327863631760948     4     0.0    0.1
132     0.07132907405885978     0.07132141372099204     0.6327226062696525     4     0.0    0.1
133     0.07571480608264274     0.07544305707373755     0.6325973831113885     4     0.0    0.1
134     0.06300839138656476     0.06300839080826923     0.6326053863418792     4     0.0    0.1
135     0.05934453953961942     0.059021473936829286     0.6325121224518853     4     0.0    0.1
136     0.0618430552375953     0.06184261318549751     0.6325012105801449     4     0.0    0.1
137     0.0772044799620361     0.07701407777695635     0.6323974533915901     4     0.0    0.1
138     0.06687383256552053     0.06686970153307562     0.632359832070307     4     0.0    0.1
139     0.0565780070086412     0.05634960868995593     0.6322370927091896     4     0.0    0.1
140     0.056060211766190526     0.05605804498013068     0.6322217815499158     4     0.0    0.1
141     0.06556666017937689     0.06508003358085933     0.6319923532151677     4     0.0    0.1
142     0.07073277428656762     0.07059454169887895     0.6321702772402062     4     0.0    0.1
143     0.060631830978239785     0.06021754887802372     0.6319252631203938     4     0.0    0.1
144     0.051330959188408916     0.05133024383421216     0.6319686207520192     4     0.0    0.1
145     0.05515886105744828     0.05467942580125858     0.6318902004014859     4     0.0    0.1
146     0.0646745580720469     0.06457773530971503     0.6318640769788431     4     0.0    0.1
147     0.07013158912994574     0.0692976419059573     0.6317074769352331     4     0.0    0.1
148     0.04952343289946138     0.04945232133302736     0.6317166171909605     4     0.0    0.1
149     0.04788760150463834     0.04765678868521419     0.631612327508833     4     0.0    0.1
150     0.04934778910600064     0.04934479279154143     0.631582410706514     4     0.0    0.1
151     0.06800230177866112     0.06776698243282848     0.6314412853321585     4     0.0    0.1
152     0.06229162780336102     0.06229162494105282     0.631447807440864     4     0.0    0.1
153     0.05127778067707438     0.05096829554521585     0.6313672099132503     4     0.0    0.1
154     0.04551027519269043     0.04550626307506343     0.6313503659978892     4     0.0    0.1
155     0.04336436934004448     0.04289190670788089     0.631300646724128     4     0.0    0.1
156     0.040917236229114515     0.04088295906866197     0.6312649530222814     4     0.0    0.1
157     0.04556272333781851     0.045244563752996354     0.6311369082159075     4     0.0    0.1
158     0.042964750207487155     0.04243963648466109     0.6311895333952009     4     0.0    0.1
159     0.07498198481337928     0.07418588765693461     0.6309048913357884     4     0.0    0.1
160     0.056373776366135005     0.056373770341075914     0.6310243752553504     4     0.0    0.1
161     0.045286152860914364     0.04512382439944593     0.6309274627785868     4     0.0    0.1
162     0.03811175881489848     0.03805090244056414     0.6309121838698104     4     0.0    0.1
163     0.0395334928870677     0.03946397559550993     0.6308758085627062     4     0.0    0.1
164     0.046898122011428414     0.046835270886052764     0.6308413882753712     4     0.0    0.1
165     0.044889219797183896     0.0448458314462732     0.6307994645245145     4     0.0    0.1
166     0.03924277754743511     0.039240670798986854     0.6307544287079878     4     0.0    0.1
167     0.04064483739306046     0.04060078822408905     0.6307229558090768     4     0.0    0.1
168     0.03444313201047619     0.03439872738038624     0.6306825495469752     4     0.0    0.1
169     0.03877091378016277     0.0387197939679734     0.6306400077013024     4     0.0    0.1
170     0.038626755273799766     0.03860172669497551     0.6305949481709519     4     0.0    0.1
171     0.0429038931654077     0.042805603882145576     0.6305500921033058     4     0.0    0.1
172     0.03613795669540493     0.03611768294887659     0.6305229816023399     Iteration       Total Force       Perp Force        MaxU       MaxI    Stress on CI     
------------------------------------------------------------  
1     1.2553574417784037     1.2553574417784037     0.6427989649588284     5     0.0    0.1
2     1.171189416748631     1.171189416748631     0.6603020427785395     5     0.0    0.1
3     0.9968258123988724     0.9968258123988724     0.6902855495973199     5     0.0    0.1
4     1.1014324429235465     1.0791912999454991     0.7256413531319907     5     0.0    0.1
5     1.785705407943434     1.785705407943434     0.7466428279770554     5     0.0    0.1
6     1.5908939794935288     1.5186703443300014     0.7404404667069571     5     0.0    0.1
7     1.0062951665546378     0.9520340519107405     0.7420731676428431     5     0.0    0.1
8     0.800098963170846     0.6761899185452239     0.7455667039928215     5     0.0    0.1
9     0.6446307639054372     0.47318719599629205     0.749068658627607     5     0.0    0.1
10     0.5603671974988675     0.49478554348932174     0.7518790951449859     5     0.0    0.1
11     0.4959012245636943     0.4163217141218528     0.7522428269499954     5     0.0    0.1
12     0.5735224683424376     0.5305789702953659     0.7535237073947911     5     0.0    0.1
13     0.47661063757976235     0.37826317303813617     0.7548928486251896     5     0.0    0.1
14     0.4262301019976331     0.3351116889997229     0.7562089382672355     5     0.0    0.1
15     0.40405982069596996     0.36069991308448496     0.7563162392637253     5     0.0    0.1
16     0.4520534348790252     0.41822506143448085     0.7566995162551535     5     0.0    0.1
17     0.36939713610739383     0.3147723512707036     0.7573014278766124     5     0.0    0.1
18     0.3438903305591876     0.3099784197685635     0.7579597609948223     5     0.0    0.1
19     0.36039509166407196     0.3408190015553328     0.7579982337419011     5     0.0    0.1
20     0.3980085245706548     0.38341216922180743     0.7581209830984648     5     0.0    0.1
21     0.32596065984076494     0.3011669261697385     0.758379978205312     5     0.0    0.1
22     0.29066838962787495     0.26618602293102706     0.7587131141646637     5     0.0    0.1
23     0.2944937399761387     0.28719060098236365     0.7587659195224745     5     0.0    0.1
24     0.3220319921750436     0.3147453341577029     0.7588308534682824     5     0.0    0.1
25     0.28692368475308133     0.2766842693066639     0.7588561286433304     5     0.0    0.1
26     0.2534406685051558     0.24454729264793543     0.7589883500082664     5     0.0    0.1
27     0.2591835544606038     0.2552829240082357     0.7590489483872318     5     0.0    0.1
28     0.2895345097557811     0.28645237119413824     0.7591688323657877     5     0.0    0.1
29     0.26606816837332076     0.26230989043685854     0.7591496096557222     5     0.0    0.1
30     0.2332277199638278     0.23027088107366114     0.759223715836896     5     0.0    0.1
31     0.23242995582834183     0.23035898581467706     0.759204792200805     5     0.0    0.1
32     0.2627580945318376     0.26195587788220737     0.7592488430895514     5     0.0    0.1
33     0.2518899729366225     0.2505761906632393     0.7593219696434517     5     0.0    0.1
34     0.21927059423429474     0.21791273674992775     0.7592841174641904     5     0.0    0.1
35     0.21501899273121167     0.21429451687475923     0.7593293907625451     5     0.0    0.1
36     0.24140208328138826     0.24127884238643632     0.7592977168831254     5     0.0    0.1
37     0.23903499937361727     0.23884200237698117     0.7593142494004894     5     0.0    0.1
38     0.20596573127996326     0.20591949940076235     0.7592980797138296     5     0.0    0.1
39     0.19747497034902595     0.19736664397352585     0.7593075134267764     5     0.0    0.1
40     0.21648793895478086     0.21648630967706378     0.7593000440930808     5     0.0    0.1
41     0.2277364151398641     0.22773077481000983     0.7592974541101682     5     0.0    0.1
42     0.19613265055835777     0.19612162908101002     0.7593057183573109     5     0.0    0.1
43     0.18312561191845741     0.18304554514205787     0.7592779410752257     5     0.0    0.1
44     0.1980936486823548     0.19803184201002927     0.759295097029181     5     0.0    0.1
45     0.215707811446165     0.215707562339033     0.7592800921282645     5     0.0    0.1
46     0.18869527366773545     0.1886418710458124     0.7592893997321823     5     0.0    0.1
47     0.1699110540875071     0.16989453461858753     0.759271596918623     5     0.0    0.1
48     0.18139048754297699     0.1812896196326819     0.759280689064525     5     0.0    0.1
49     0.20330373600795384     0.2033007686272524     0.7592608775169651     5     0.0    0.1
50     0.18324283523026583     0.1832064915267427     0.759272103772048     5     0.0    0.1
51     0.15855258189300953     0.15852192395134557     0.7592668402384959     5     0.0    0.1
52     0.17032937675962692     0.1703293299178694     0.7592582813450832     5     0.0    0.1
53     0.1886689211052599     0.18866183761099062     0.7591669004735024     5     0.0    0.1
54     0.1778380089754729     0.17781686912624886     0.759316470364567     5     0.0    0.1
55     0.15011489805066658     0.1501138287694692     0.7593505420237108     5     0.0    0.1
56     0.1661999185451958     0.16619438660571412     0.7592812529324249     5     0.0    0.1
57     0.17719841086180135     0.17719779607710387     0.7593067507108344     5     0.0    0.1
58     0.16845363104282732     0.16842852921664844     0.7592846416987271     5     0.0    0.1
59     0.14150835309820764     0.14149263077031587     0.7592992568025352     5     0.0    0.1
60     0.15481785513888308     0.15481643065294387     0.7592972829379363     5     0.0    0.1
61     0.16189787534538538     0.16189699513115377     0.7593018368151689     5     0.0    0.1
62     0.16274507194848156     0.1627312830281861     0.7592927341375315     5     0.0    0.1
63     0.13459857470947853     0.13458232656946037     0.7592470401749694     5     0.0    0.1
64     0.14441430885924994     0.144405590329271     0.7593131699083671     5     0.0    0.1
65     0.1488445342900931     0.1488435626689136     0.7593161863291584     5     0.0    0.1
66     0.15959436019796103     0.1595902873563858     0.759305450687279     5     0.0    0.1
67     0.13101590878730687     0.1310107496729771     0.7592689292067121     5     0.0    0.1
68     0.1352779742424077     0.1352767912554398     0.7593081315364003     5     0.0    0.1
69     0.1366106424347179     0.13660847206469182     0.7593443506223281     5     0.0    0.1
70     0.15129764295531575     0.15129453460290196     0.7592693214907484     5     0.0    0.1
71     0.12678781976998496     0.12678133827513288     0.7593009976132521     5     0.0    0.1
72     0.1281117668727416     0.12810722186015072     0.759348366717461     5     0.0    0.1
73     0.1270300090085174     0.12700485156212124     0.7592845576957927     5     0.0    0.1
74     0.14249098060133936     0.14248640653949018     0.7591989943497026     5     0.0    0.1
75     0.12705822282233636     0.12705437804308245     0.7593322939115836     5     0.0    0.1
76     0.120247892544997     0.12024698891647956     0.7593389875215024     5     0.0    0.1
77     0.1230727166460108     0.12306845289288035     0.7592982921174638     5     0.0    0.1
78     0.1301067601747138     0.13010669877007103     0.759171769024718     5     0.0    0.1
79     0.1306575648607433     0.13065746155363905     0.7593588069858583     5     0.0    0.1
80     0.11302848377794276     0.11302749265801294     0.7594011527114759     5     0.0    0.1
81     0.11797345411617004     0.11796211281360698     0.7593050787912432     5     0.0    0.1
82     0.11446383388841991     0.1144631857993766     0.7593190290718752     5     0.0    0.1
83     0.12354633939892698     0.12354631542591867     0.7592997232140704     5     0.0    0.1
84     0.10583526563799647     0.10582644840040635     0.7592679808162615     5     0.0    0.1
85     0.11175168722897294     0.11174943478083421     0.7593258257375624     5     0.0    0.1
86     0.10673822532949398     0.10673796361888273     0.7593913643755172     5     0.0    0.1
87     0.11662427568720096     0.11662329793692022     0.759285853821865     5     0.0    0.1
88     0.1025548710991741     0.1025547255239034     0.7591943880752865     5     0.0    0.1
89     0.10467032636940572     0.10465517756937147     0.759335771551676     5     0.0    0.1
90     0.1003166260950096     0.10030687060610645     0.7593703302473926     5     0.0    0.1
91     0.10908041211551382     0.10907799474094786     0.7592916750229364     5     0.0    0.1
92     0.09936998061989363     0.09936817903189986     0.7593087797749689     5     0.0    0.1
93     0.09243554966928949     0.09243415511059117     0.7593133673351105     5     0.0    0.1
94     0.1037745590447078     0.10374871306794788     0.7593007065353135     5     0.0    0.1
95     0.09647065971599653     0.09645525556118914     0.7592004788954227     5     0.0    0.1
96     0.10448496969770273     0.10448428463145201     0.7593396056709736     5     0.0    0.1
97     0.0853067964132437     0.0852614293097623     0.7593755904521373     5     0.0    0.1
98     0.09727658907312578     0.09726069743340615     0.759302683845533     5     0.0    0.1
99     0.10089252014258188     0.1008894592830122     0.7593250645364407     5     0.0    0.1
100     0.10629415338465746     0.1062940827218983     0.7592969280994737     5     0.0    0.1
101     0.08582987444416688     0.08582064551413622     0.7593018748551685     5     0.0    0.1
102     0.08344548455041124     0.08343098650994489     0.7593224642411798     5     0.0    0.1
103     0.09690937055940664     0.09690649728879826     0.7593930727204707     5     0.0    0.1
104     0.09337644742341952     0.09337565195608852     0.7592988689398652     5     0.0    0.1
105     0.09284719801492458     0.09283888828113945     0.7592414497819391     5     0.0    0.1
106     0.07642236768201223     0.07637612861032587     0.7593172786988731     5     0.0    0.1
107     0.09290542112400664     0.09290393008104429     0.7593030497847906     5     0.0    0.1
108     0.08693537781547465     0.08685991666485929     0.7593172168680269     5     0.0    0.1
109     0.08537288557068058     0.08531827279636094     0.759314062043984     5     0.0    0.1
110     0.09070106673518666     0.09069614777219825     0.7593066134226802     5     0.0    0.1
111     0.07475814550807922     0.07475807178122294     0.7592639935863588     5     0.0    0.1
112     0.0838932517878209     0.08383328117134033     0.759339630759726     5     0.0    0.1
113     0.07736968896021922     0.07736728018797463     0.7593759820289847     5     0.0    0.1
114     0.08363261215014313     0.08362886965482118     0.7593057405857877     5     0.0    0.1
115     0.07109127455158969     0.07105697534077479     0.7591986761476477     5     0.0    0.1
116     0.07671622182225588     0.07662579801824089     0.7593516879604181     5     0.0    0.1
117     0.08263025677739042     0.08263010260386477     0.7593095271834329     5     0.0    0.1
118     0.07176936992539765     0.07176863603484075     0.7593355503817918     5     0.0    0.1
119     0.0792219544302268     0.07918568032100287     0.7593748389599284     5     0.0    0.1
120     0.06672495128911493     0.06671584905633324     0.7593074085244069     5     0.0    0.1
121     0.0827343828358908     0.08273434574514112     0.7593301727659707     5     0.0    0.1
122     0.07187202665444752     0.07183115867048398     0.7593120667334574     5     0.0    0.1
123     0.05933015012227841     0.059312850856415404     0.7592825533820502     5     0.0    0.1
124     0.08543914696924398     0.08543009930446677     0.7593243198166562     5     0.0    0.1
125     0.06510395655643957     0.06507226764021412     0.759376001357353     5     0.0    0.1
126     0.08522106667305447     0.08521570509361842     0.7592925145875284     5     0.0    0.1
127     0.0779342265694556     0.07793269363905465     0.7591990300339972     5     0.0    0.1
128     0.06292815733041748     0.0627614496564887     0.7593471785061467     5     0.0    0.1
129     0.06852680351823577     0.0684640963418481     0.7593970122638183     5     0.0    0.1
130     0.06169624320143862     0.06167337736005397     0.7592945700698834     5     0.0    0.1
131     0.06730312937747479     0.06730312376472268     0.7593174869178085     5     0.0    0.1
132     0.07216733126829802     0.07214758540896887     0.7592944652601403     5     0.0    0.1
133     0.0573315403950145     0.05733150911456685     0.7593040035580998     5     0.0    0.1
134     0.04856292261059862     0.04851202245657758     0.7593096690165311     5     0.0    0.1
135     0.049727513325854115     0.049688467041845125     0.7593464200851372     5     0.0    0.1
136     0.07251166935947981     0.07251065100959732     0.7592896146666988     5     0.0    0.1
137     0.0824767822262104     0.08247130435592734     0.7592532875907239     5     0.0    0.1
138     0.0653956562051662     0.06531685753355684     0.7593220998195847     5     0.0    0.1
139     0.05136071946228201     0.051358132775489916     0.7593182373659317     5     0.0    0.1
140     0.04367614867220442     0.04357247582166489     0.7593100215197097     5     0.0    0.1
141     0.04291664257290715     0.0429144276161237     0.7592912426769516     5     0.0    0.1
142     0.05211471640064679     0.05210446365236401     0.7593111171279077     5     0.0    0.1
143     0.07592396566039077     0.07592057167841314     0.7593061955873424     5     0.0    0.1
144     0.05756276648790515     0.05756245783290971     0.7593183847598368     5     0.0    0.1
145     0.04609346181648776     0.04606964905488026     0.7593263879295478     5     0.0    0.1
146     0.042916365976324755     0.04291628263034118     0.7593034182341398     5     0.0    0.1
147     0.047812502891786     0.04775699039434872     0.7592349483978325     5     0.0    0.1
148     0.055609739269841356     0.055606456513438395     0.7593500879592483     5     0.0    0.1
149     0.049282474117883994     0.04927045247722611     0.7593132371962525     5     0.0    0.1
150     0.043075989169560416     0.04307560119978056     0.7592889647070535     5     0.0    0.1
151     0.04022789053237364     0.04018969321557962     0.7593272048441406     5     0.0    0.1
152     0.040135905590210824     0.04013412405108741     0.759382739224975     5     0.0    0.1
153     0.04721931261374105     0.0472129581282406     0.7593001645122968     5     0.0    0.1
154     0.06180145204431317     0.061755827708736     0.7591729868377541     5     0.0    0.1
155     0.04845859607769431     0.048442382497120774     0.7593471169682147     5     0.0    0.1
156     0.04080354121951474     0.040675294490137646     0.7593060827006468     5     0.0    0.1
157     0.045011592190078734     0.04492712034510214     0.759329440663322     5     0.0    0.1
158     0.04620020214584865     0.04617258667706867     0.7593305741569623     5     0.0    0.1
159     0.037908520406443165     0.037902068227350295     0.759313777106513     5     0.0    0.1
160     0.04133088049083196     0.0413299513056143     0.7592517690284808     5     0.0    0.1
161     0.05174037972954574     0.051660744804787766     0.7593337689102384     5     0.0    0.1
162     0.03957257423730882     0.03957252027991309     0.7593174667288878     5     0.0    0.1
163     0.04847030563324434     0.04841167277847854     0.7593266210223533     5     0.0    0.1
164     0.034894134231124106     0.03489090290360559     0.7593568312656629     5     0.0    0.1
165     0.032646025839329774     0.03264122051500944     0.7593141430144499     5     0.0    0.1
166     0.04019734107071914     0.04018189028809795     0.7592384594855588     5     0.0    0.1
167     0.033556283634764913     0.0335146191629687     0.7593576377967111     5     0.0    0.1
168     0.03273145949767559     0.03269061341710306     0.7593833109047097     5     0.0    0.1
169     0.04555345128856995     0.0455508084306618     0.7593175551896252     5     0.0    0.1
170     0.044851387645329234     0.0448056607293774     0.7591859703710782     5     0.0    0.1
171     0.03241231301162628     0.03231552129851685     0.7593696667019145     5     0.0    0.1
172     0.03323873462929851     0.03318487955177541     0.7593283498458447     5     0.0    0.1
173     0.03159710392480484     0.031586985374884496     0.7593510769877696     5     0.0    0.1
174     0.036491461460062734     0.036481971653722446     0.7593767966444176     5     0.0    0.1
175     0.03995044613917107     0.039935757550866736     0.7593223426637792     5     0.0    0.1
176     0.030348939165792673     0.030348318378004436     0.7593408656936731     5     0.0    0.1
177     0.03300184736335991     0.032938654765938574     0.759326313874837     5     0.0    0.1
178     0.029158071529260584     0.02915786602226635     0.7592916890578181     5     0.0    0.1
179     0.03442408175434554     0.03442366260667589     0.7593320685238041     5     0.0    0.1
180     0.04322187539648897     0.043210092387183624     0.7593735397861394     5     0.0    0.1
181     0.030814325582531398     0.030793163740561     0.759311639309999     5     0.0    0.1
182     0.03737726257463841     0.03737726257463841     0.7592293715759126     5     0.0    0.1
183     0.03169422847874987     0.03162854484170526     0.7593645094557928     5     0.0    0.1
184     0.028809907688293442     0.02871368686427596     0.759415390907975     5     0.0    0.1
185     0.04255095945284238     0.04255095945284238     0.7593286124843956     5     0.0    0.1
186     0.032410602919887     0.03239499522635347     0.7593422190537922     5     0.0    0.1
187     0.042701010585772664     0.042701010585772664     0.7593155144811874     5     0.0    0.1
188     0.04061895015949121     0.040601997784480766     0.7593110692932186     5     0.0    0.1
189     0.02784580764353241     0.027838860570843327     0.7593198125212268     5     0.0    0.1
190     0.02868293848729398     0.028679334401589318     0.7593054347441353     5     0.0    0.1
191     0.02582428540345206     0.025784651016240303     0.7593111278468996     5     0.0    0.1
192     0.031047256504482045     0.031045516303854905     0.759266422727066     5     0.0    0.1
193     0.048785174957701544     0.048785174957701544     0.759323044004887     5     0.0    0.1
194     0.04196316132125705     0.041887097376385796     0.7593092438046085     5     0.0    0.1
195     0.030847330963044328     0.030847330963044328     0.7593404883172639     5     0.0    0.1
196     0.0284143299789434     0.028357444424279322     0.7593197318102796     5     0.0    0.1
197     0.024405424730336037     0.02436302851734451     0.7593448450228237     5     0.0    0.1
198     0.025418304673273422     0.025412424637361014     0.7593429577877941     5     0.0    0.1
199     0.0245543766978222     0.024552646500560334     0.7593224134457586     5     0.0    0.1
200     0.03833884572514725     0.03833884572514725     0.7592827633604173     5     0.0    0.1
201     0.026773714552984045     0.026693270784571874     0.7593641620773468     5     0.0    0.1
202     0.03156714135124384     0.031566791400847165     0.759331469573084     5     0.0    0.1
203     0.025832872879270365     0.025783648982085548     0.7593137920574264     5     0.0    0.1
204     0.030111394172807858     0.03011115812081456     0.7593396670911972     5     0.0    0.1
205     0.04726828792184809     0.0472548724900745     0.7593818618318551     5     0.0    0.1
206     0.03215411329124301     0.032147991844126984     0.759319433611978     5     0.0    0.1
207     0.029936536488443504     0.02993014714725267     0.7593304497666651     5     0.0    0.1
208     0.03222791440846981     0.03222791440846981     0.7593446321778288     5     0.0    0.1
209     0.02702833655353921     0.02698521063446723     0.7593158276336283     5     0.0    0.1
210     0.026480085435546186     0.02647103152796458     0.7591815634571191     5     0.0    0.1
211     0.0410066736288839     0.04091729104642346     0.7593580942132832     5     0.0    0.1
212     0.028822387262202098     0.02879307261708703     0.7594197715392852     5     0.0    0.1
213     0.03696945044771112     0.036957889907462196     0.7593090092277066     5     0.0    0.1
214     0.027013086390214706     0.027011902268885175     0.7593316319007215     5     0.0    0.1
215     0.0334167659700929     0.03340932418619841     0.7593069596150457     5     0.0    0.1
216     0.057222876689838276     0.057207517172290785     0.7592396754297965     5     0.0    0.1
217     0.02769063902593677     0.027666668780308355     0.7593378874007897     5     0.0    0.1
218     0.021287143194524853     0.021283803076502194     0.7594084080069479     5     0.0    0.1
219     0.030777426434778973     0.030739726363957356     0.759295298166009     5     0.0    0.1
220     0.02191024677860689     0.021909401696551836     0.7593135511738893     5     0.0    0.1
221     0.033970048532366556     0.03394707816656108     0.759297111153117     5     0.0    0.1
222     0.03293328535368172     0.032923370116060086     0.7593032383577452     5     0.0    0.1
223     0.029068400669154604     0.029040465622309553     0.7593103030234545     5     0.0    0.1
224     0.04582538402948775     0.04582538402948775     0.7593672176837032     5     0.0    0.1
225     0.02848981900987522     0.028455575957243216     0.7592837857918653     5     0.0    0.1
226     0.0197182390358294     0.01969005020717295     0.7593090271912644     5     0.0    0.1
227     0.04359044933165098     0.04359044933165098     0.7593560109268651     5     0.0    0.1
228     0.04058927806169931     0.04058293021390567     0.7592785593623859     5     0.0    0.1
229     0.022406388716537468     0.022382197446111963     0.7591777100726347     5     0.0    0.1
230     0.03708856589015061     0.03708032942330089     0.7593254331934389     5     0.0    0.1
231     0.021622663440321207     0.021611211877615163     0.7592921093609846     5     0.0    0.1
232     0.030006200519696182     0.02997008747296185     0.7593161603295755     5     0.0    0.1
233     0.02008242153957058     0.020037121091756496     0.7593170922255865     5     0.0    0.1
234     0.02629720530640117     0.026248841181048928     0.7593068001609709     5     0.0    0.1
235     0.02967224203931872     0.02967224203931872     0.7592607768407049     5     0.0    0.1
236     0.023281601339316737     0.023202228602503348     0.7593195783818203     5     0.0    0.1
237     0.04652703188554413     0.046521216183347806     0.759376988658417     5     0.0    0.1
238     0.03985324831242414     0.03981650545611476     0.7592837351722039     5     0.0    0.1
239     0.02046279588355998     0.02045719796431201     0.7591845723574977     5     0.0    0.1
240     0.03393116583059891     0.03379833627323129     0.7593293236648577     5     0.0    0.1
241     0.024339193382497144     0.0242617337994179     0.7593790190105238     5     0.0    0.1
242     0.04148390736535386     0.04147168566838389     0.759285761013615     5     0.0    0.1
243     0.03946255766072136     0.03942072422380603     0.7593075115533452     5     0.0    0.1
244     0.018077004371327244     0.018076999953383625     0.7592858394735345     5     0.0    0.1
245     0.042759200721180946     0.042742081815137674     0.7592437114159765     5     0.0    0.1
246     0.018032026607805098     0.017944638341986365     0.7593115081158004     5     0.0    0.1
247     0.024343007409847385     0.02427876765056086     0.7593681345082501     5     0.0    0.1
248     0.03454514060778044     0.03450813794987872     0.7592836322281613     5     0.0    0.1
249     0.019416930891113567     0.019335390927899005     0.759208247747722     5     0.0    0.1
250     0.042246166713012005     0.04221052708256737     0.7593175324148547     5     0.0    0.1
251     0.016968633470078272     0.01686887536815141     0.7594063647854199     5     0.0    0.1
252     0.0264572642280021     0.026405144925730827     0.7592729862723218     5     0.0    0.1
253     0.04128786953024912     0.04128727244149273     0.7592975023298294     5     0.0    0.1
254     0.02955967783954138     0.029559481511269248     0.7592714904683078     5     0.0    0.1
255     0.0221910467698113     0.022177863208101375     0.7592738929106986     5     0.0    0.1
256     0.040709685227638175     0.040688356473169096     0.7592930578929469     5     0.0    0.1
257     0.04384848210802016     0.04384848210802016     0.7593368553622923     5     0.0    0.1
258     0.04594678004103822     0.04592846630057677     0.7592659151566608     5     0.0    0.1
259     0.020029064897588787     0.02000572562719354     0.7592932039740248     5     0.0    0.1
260     0.03574796095478051     0.03573655110510447     0.7593321366371839     5     0.0    0.1
261     0.03206492169199677     0.03205940687295249     0.7592776528123153     5     0.0    0.1
262     0.028112941586552143     0.028064207155150355     0.7591949114247853     5     0.0    0.1
263     0.02270224804192861     0.022663034514170937     0.7593100261002093     5     0.0    0.1
264     0.025564517240274084     0.02547057557791173     0.7593413093744346     5     0.0    0.1
265     0.01872765906774623     0.01866102846256753     0.7592843193351797     5     0.0    0.1
266     0.029070651194852734     0.02905621156476582     0.7592996263298346     5     0.0    0.1
267     0.018791745101378477     0.018791745101378477     0.7593458527536114     5     0.0    0.1
268     0.045192332865755414     0.04516331081550839     0.7592841544492472     5     0.0    0.1
269     0.02518839128845815     0.025162837136791967     0.7593073199311533     5     0.0    0.1
270     0.026460024963404095     0.026460024963404095     0.7592863652409108     5     0.0    0.1
271     0.027748595311029158     0.027735936142432152     0.7592365153931553     5     0.0    0.1
272     0.03936751310549694     0.039349078130261     0.75930710046174     5     0.0    0.1
273     0.03427409136495396     0.03427337497204545     0.7593700396955825     5     0.0    0.1
274     0.01811608512259727     0.018100473777665493     0.759273419704769     5     0.0    0.1
275     0.02009738129628753     0.020088805151818996     0.7591796047320685     5     0.0    0.1
276     0.039394609054598705     0.03936656360835875     0.7593202537341455     5     0.0    0.1
277     0.03714659246262591     0.03714130674601208     0.7592827346196742     5     0.0    0.1
278     0.0406191149524944     0.04059344456673774     0.7592143681808778     5     0.0    0.1
279     0.030882912269469015     0.030840050206548134     0.7593134963342862     5     0.0    0.1
280     0.032679428015274875     0.032619307978913166     0.7593896633324988     5     0.0    0.1
281     0.035183148753952696     0.03513206526953409     0.75925920574835     5     0.0    0.1
282     0.031023511487977065     0.031016617469433086     0.7592856566150203     5     0.0    0.1
283     0.06544534266981118     0.06543872079161388     0.7593096038396681     5     0.0    0.1
284     0.015076647545827292     0.014980292860955037     0.7592682800150357     5     0.0    0.1
285     0.048849785657181136     0.04883811251105375     0.7591698902221538     5     0.0    0.1
286     0.037492829761318354     0.037463134047892796     0.759313122706061     5     0.0    0.1
287     0.0327575041748394     0.03269792583027015     0.7593690210146065     5     0.0    0.1
288     0.018500521390282146     0.018393186638909213     0.7592744780939995     5     0.0    0.1
289     0.021111515694942868     0.02103925626576978     0.759294095238289     5     0.0    0.1
290     0.04082295943801155     0.04078398494873832     0.7593110428793182     5     0.0    0.1
291     0.03671519839832478     0.03669444811949411     0.7592815590764701     5     0.0    0.1
292     0.02946984719635058     0.029449718749227027     0.7591581804985594     5     0.0    0.1
293     0.03373570770380589     0.0335089041623729     0.7593306064327123     5     0.0    0.1
294     0.022433003786652476     0.022379315023588933     0.7592956876825099     5     0.0    0.1
295     0.04927290156872353     0.049239290406320364     0.7593188812036402     5     0.0    0.1
296     0.017712103621589165     0.017674649177437246     0.7593200824089479     5     0.0    0.1
297     0.03472202437433158     0.03468138134766166     0.759305029432511     5     0.0    0.1
298     0.04224482303490317     0.042234061891913574     0.7592670797332346     5     0.0    0.1
299     0.02492098877155601     0.024856182753339222     0.7593203148357475     5     0.0    0.1
300     0.03343088555426034     0.03342850953398998     0.7593721950669874     5     0.0    0.1
-----------------------SSNEB Finished------------------------------
Image    ReCoords      E      RealForce      Image 
  0      0.000000      0.000000      0.000000   0 
  1      0.266558      0.006314     -0.043705   1 
  2      0.533067      0.029564     -0.151015   2 
  3      0.799524      0.108635     -0.615758   3 
  4      1.065937      0.436472     -1.673454   4 
  5      1.332338      0.759372     -0.005399   5 
  6      1.765535      0.320325      0.000000   6 
Iteration       Total Force       Perp Force        MaxU       MaxI    Stress on CI     
------------------------------------------------------------  
1     0.44498497523335157     0.44498375109736577     0.7606861186559399     5     0.0    0.1
2     0.3617724273988218     0.36172410773531416     0.7606547561214683     5     0.0    0.1
3     0.3239256921100094     0.3228520821593947     0.7605031915147435     5     0.0    0.1
4     0.33566205222204987     0.33520573744379845     0.7605341141211568     5     0.0    0.1
5     0.36146636521613845     0.3591035621995507     0.7603975201313915     5     0.0    0.1
6     0.3014505286001779     0.3002646776503234     0.7604437101328898     5     0.0    0.1
7     0.2632516306507358     0.26109775546154346     0.7602768839906702     5     0.0    0.1
8     0.2590069564105592     0.2587682670246109     0.7602681770149928     5     0.0    0.1
9     0.2740898951980536     0.27358943560539273     0.760253162532635     5     0.0    0.1
10     0.2313561108365052     0.23066545245139733     0.7601476822421489     5     0.0    0.1
11     0.20845087755373776     0.20603027353787376     0.7601618388145539     5     0.0    0.1
12     0.21245397361665913     0.21116267029323554     0.7600385213749945     5     0.0    0.1
13     0.2356513986212042     0.2354074049649223     0.7600162571112037     5     0.0    0.1
14     0.18963861375395216     0.18952333522755668     0.7600024427672736     5     0.0    0.1
15     0.16094607442384215     0.16016002067040327     0.7599932679308239     5     0.0    0.1
16     0.16060845882951252     0.16041847435131454     0.7599596108999407     5     0.0    0.1
17     0.18495614175814787     0.18461197816207967     0.7599009428642773     5     0.0    0.1
18     0.15418979724074325     0.15416654336346317     0.7599255929408599     5     0.0    0.1
19     0.12755046327325062     0.12704992859225236     0.7598750867509949     5     0.0    0.1
20     0.12330252987606467     0.12326591116227     0.7598782815337728     5     0.0    0.1
21     0.13677483200576476     0.13662415547387535     0.7598297243251722     5     0.0    0.1
22     0.12226094924970818     0.12226011502869384     0.759844286942581     5     0.0    0.1
23     0.10914850584618334     0.10896061922971466     0.7597846322482837     5     0.0    0.1
24     0.09804691566006477     0.09803627330940623     0.7598085541957147     5     0.0    0.1
25     0.1061571417354578     0.10604244461857686     0.7597502751127081     5     0.0    0.1
26     0.10159459596495464     0.10156291280403008     0.7597664053738811     5     0.0    0.1
27     0.09584874428716164     0.09575896871078353     0.7597273462412915     5     0.0    0.1
28     0.0816298126343535     0.08161478674634261     0.7597274225742439     5     0.0    0.1
29     0.08722638619175711     0.08687178957724924     0.7596538359078835     5     0.0    0.1
30     0.08969083797154306     0.08969001243540825     0.7596679819948946     5     0.0    0.1
31     0.08331090140175729     0.08329650956056202     0.7596006959774542     5     0.0    0.1
32     0.07352808094368832     0.07349850142203063     0.7596101223797831     5     0.0    0.1
33     0.0863213248401575     0.08629915415106161     0.7595526636944641     5     0.0    0.1
34     0.08030623154353407     0.08019802873450671     0.7595936580614762     5     0.0    0.1
35     0.0742290628226328     0.07422747464017394     0.7595730885703915     5     0.0    0.1
36     0.068901784157234     0.06889891238399647     0.7595854634652142     5     0.0    0.1
37     0.06730630572615635     0.06730563207238482     0.7595330784278076     5     0.0    0.1
38     0.07438457806822664     0.07436259723536008     0.7595710215352653     5     0.0    0.1
39     0.06580270620873563     0.06577803765251936     0.759611500323814     5     0.0    0.1
40     0.06374072435223892     0.06368765792603322     0.7595150981615575     5     0.0    0.1
41     0.04985421621860772     0.04985418153827091     0.7595406582593967     5     0.0    0.1
42     0.06017000549239488     0.06016501375099865     0.7595427844465519     5     0.0    0.1
43     0.06335392106316207     0.06334241781980417     0.7595266594266548     5     0.0    0.1
44     0.06280479575596332     0.06266409357857262     0.7594288774374292     5     0.0    0.1
45     0.05678733934071303     0.05678702496489943     0.7595606562992714     5     0.0    0.1
46     0.04964781799898482     0.04963746098291657     0.759512914417968     5     0.0    0.1
47     0.05603986031380812     0.056038743843641346     0.7595450251451155     5     0.0    0.1
48     0.05255018577988951     0.05254746081326367     0.7595097374978366     5     0.0    0.1
49     0.04926874524973185     0.04906867939217724     0.7595295969089051     5     0.0    0.1
50     0.04966399201852631     0.049663628298186546     0.7594944588332169     5     0.0    0.1
51     0.051608915870076114     0.05159070116890317     0.7595060241575453     5     0.0    0.1
52     0.057934735796197956     0.05792696852823814     0.7594533056173418     5     0.0    0.1
53     0.04411999042664127     0.04410503194887577     0.759514372891914     5     0.0    0.1
54     0.04499215487922538     0.044973681505352955     0.7594900419722279     5     0.0    0.1
55     0.03908738129296346     0.039080387838121386     0.759509430690045     5     0.0    0.1
56     0.04588763219428174     0.045879521038901874     0.7594817740002924     5     0.0    0.1
57     0.0584478116784253     0.05836496032482456     0.7595084767481666     5     0.0    0.1
58     0.04397231993885997     0.04392198907306333     0.7595216048800921     5     0.0    0.1
59     0.038493490144526264     0.038427486293107986     0.7594867175885156     5     0.0    0.1
60     0.04049848631166399     0.04043689443451707     0.7594139429460682     5     0.0    0.1
61     0.038553541754405396     0.03849657925286715     0.7595090443465153     5     0.0    0.1
62     0.03912829638059794     0.03895083094040116     0.7594778614101756     5     0.0    0.1
63     0.03882258705334793     0.03853836760832432     0.7594950400835359     5     0.0    0.1
64     0.06243489827371708     0.06235570763713391     0.7594847117555901     5     0.0    0.1
65     0.04453174926786043     0.04440285555742047     0.7594823355123879     5     0.0    0.1
66     0.034212572419380444     0.03405393155039284     0.7595028913276707     5     0.0    0.1
67     0.04105921357291059     0.041038424389825016     0.7594715952266711     5     0.0    0.1
68     0.03428161778004595     0.03398977297952419     0.7594180820815382     5     0.0    0.1
69     0.03450716135050334     0.034386909195020604     0.7594816212268825     5     0.0    0.1
70     0.036047335426406334     0.03562410298502942     0.7595608805301737     5     0.0    0.1
71     0.04019544107094082     0.04005959959911652     0.7594398559433557     5     0.0    0.1
72     0.03773583641769376     0.037414074922702344     0.7594661878304265     5     0.0    0.1
73     0.03139853097690728     0.03128959062086696     0.759436930495923     5     0.0    0.1
74     0.03439873804302602     0.034190024409470374     0.7593756210199558     5     0.0    0.1
75     0.03428179997640975     0.034093977047729276     0.7594627383653147     5     0.0    0.1
76     0.0333380630954264     0.033017887916351366     0.7594367039672107     5     0.0    0.1
77     0.032416626005505475     0.03220534041122522     0.7594503990568597     5     0.0    0.1
78     0.037214269846501606     0.037141490504460244     0.7594437599045847     5     0.0    0.1
79     0.03295011670354836     0.032714279935175394     0.7594390761658332     5     0.0    0.1
80     0.035369189791842094     0.035247753398596315     0.7593976156666002     5     0.0    0.1
81     0.033907608907690304     0.033564034475926194     0.7594448089696897     5     0.0    0.1
82     0.033086339616435916     0.032782018481196336     0.7594320196932216     5     0.0    0.1
83     0.031091073906054433     0.03073161958551283     0.7594474548485408     5     0.0    0.1
84     0.03241407783643694     0.0320556699460195     0.7594277673029097     5     0.0    0.1
85     0.026879895982463924     0.026475889620470726     0.7594380299336478     5     0.0    0.1
86     0.04041605165393753     0.04017950251394468     0.7594796566268798     5     0.0    0.1
87     0.03146963620923928     0.031202120559931663     0.7594202313031815     5     0.0    0.1
88     0.0314425487090383     0.031027479669784575     0.7593636166591153     5     0.0    0.1
89     0.039045478636498585     0.039045478636498585     0.7594393048686925     5     0.0    0.1
90     0.029180074482866487     0.02875562434362369     0.7594079554057487     5     0.0    0.1
91     0.030770227627651487     0.030770227627651487     0.7594295565899927     5     0.0    0.1
92     0.03281906169302716     0.032457243020528326     0.7593876110935298     5     0.0    0.1
93     0.028136793408705424     0.027649286428626615     0.7594276163026592     5     0.0    0.1
94     0.03209185029453024     0.03159651255197074     0.759414922820298     5     0.0    0.1
95     0.02768803112727966     0.02768803112727966     0.7594324720191707     5     0.0    0.1
96     0.02639938010634779     0.025993383280380998     0.7593827365956116     5     0.0    0.1
97     0.04189782824189835     0.041471865414153146     0.7594320682153182     5     0.0    0.1
98     0.035173683559867566     0.035173683559867566     0.7594830992993451     5     0.0    0.1
99     0.029960243280918897     0.02951684487656275     0.759394350884719     5     0.0    0.1
100     0.03732667026578954     0.03725351361496201     0.7593319307011797     5     0.0    0.1
101     0.02751837095866353     0.027037521538627186     0.7594331893872521     5     0.0    0.1
102     0.02953702883473873     0.029082983021305506     0.7595253110379758     5     0.0    0.1
103     0.045073468852502456     0.04493678805515753     0.7593858395573534     5     0.0    0.1
104     0.03261900294929865     0.032294317541940946     0.7594118851987162     5     0.0    0.1
105     0.027641865591293842     0.027641865591293842     0.7593824835583689     5     0.0    0.1
106     0.02747724533553298     0.02740594034445324     0.7593731200294656     5     0.0    0.1
107     0.02439896897942961     0.023945149761978257     0.7594005239300969     5     0.0    0.1
108     0.04663340966542423     0.04663340966542423     0.7594476354462927     5     0.0    0.1
109     0.05101673156768486     0.05095965457554292     0.7593775488474108     5     0.0    0.1
110     0.03291065932479557     0.03249642150594056     0.7592825880158642     5     0.0    0.1
111     0.031091881583372248     0.03080650181598055     0.7594292912276188     5     0.0    0.1
112     0.023802956556891273     0.02328140116150269     0.7593928581233769     5     0.0    0.1
113     0.03383735749006576     0.033712510594486406     0.7594155834944871     5     0.0    0.1
114     0.02251462805495177     0.02200878252433094     0.7594141503362408     5     0.0    0.1
115     0.053282773428496175     0.05306099293299297     0.7594041533640166     5     0.0    0.1
116     0.022455336964890295     0.021952442767985823     0.7593459182666322     5     0.0    0.1
117     0.04745229436515947     0.04721677500881612     0.7594190967335237     5     0.0    0.1
118     0.030575401264227624     0.030371617395739854     0.7594240169155881     5     0.0    0.1
119     0.021388063070753673     0.020856739819604193     0.7593929571592497     5     0.0    0.1
120     0.04750680960671813     0.04744037920635051     0.75930342372925     5     0.0    0.1
121     0.02096240081632376     0.02050188358006994     0.7594368288773836     5     0.0    0.1
122     0.027597131460833205     0.027373677121705024     0.7595034898217676     5     0.0    0.1
123     0.022032640696043538     0.021873348353493034     0.7593883742166696     5     0.0    0.1
124     0.021584540671628127     0.02107320238660924     0.7594162510686289     5     0.0    0.1
125     0.02386430926726859     0.02386430926726859     0.7593863221785     5     0.0    0.1
126     0.020871977438019888     0.020383537550955958     0.7593741372645155     5     0.0    0.1
127     0.027993398794171283     0.027942315811364162     0.7594033802070186     5     0.0    0.1
128     0.05001570970875406     0.05000509148188861     0.7594683599081549     5     0.0    0.1
129     0.021697178776584357     0.021622694185591023     0.7593697844186238     5     0.0    0.1
130     0.03320863861319246     0.03315676147060783     0.7592564481260808     5     0.0    0.1
131     0.033641369823029274     0.03346785659293896     0.7594225675250499     5     0.0    0.1
132     0.042019963936383596     0.04191978404029327     0.7593852303192108     5     0.0    0.1
133     0.03293657989686469     0.03282834808196874     0.759411393749204     5     0.0    0.1
134     0.017056122771397134     0.016591140162545502     0.7594186772390543     5     0.0    0.1
135     0.04014897226533554     0.03998659045348285     0.7593977051820247     5     0.0    0.1
136     0.03569161250410084     0.035558919248845     0.7594097140234197     5     0.0    0.1
137     0.037562202521216906     0.037413397226911504     0.7593876289889181     5     0.0    0.1
138     0.023275893560049124     0.023275893560049124     0.7593971933578132     5     0.0    0.1
139     0.022328120809745243     0.022296665021031132     0.7593878386649493     5     0.0    0.1
140     0.023263820246015702     0.022981163923948215     0.7593864143405824     5     0.0    0.1
141     0.03464527366587136     0.034628418944142106     0.7593317537041315     5     0.0    0.1
142     0.027388225686357688     0.027128165056685895     0.7594035355043474     5     0.0    0.1
143     0.02827050816384623     0.028099226591146175     0.7594602453998789     5     0.0    0.1
144     0.03997775239230471     0.039975470793166865     0.7593686189130011     5     0.0    0.1
145     0.03396222178992547     0.03393224786606827     0.7593223005518439     5     0.0    0.1
146     0.030040154520888977     0.030040154520888977     0.7593927278167882     5     0.0    0.1
147     0.026719892628762103     0.02668411937903492     0.7593745717901896     5     0.0    0.1
148     0.020725115585898055     0.02038099607625446     0.7593943511205055     5     0.0    0.1
149     0.03430557949657742     0.034305009086087954     0.7593790111708785     5     0.0    0.1
150     0.049584422098632966     0.04949192756212107     0.7593292561518012     5     0.0    0.1
151     0.02878861271413401     0.028516607493637443     0.7594082055513525     5     0.0    0.1
152     0.051642730183445965     0.051642730183445965     0.7594718645819398     5     0.0    0.1
153     0.0258575951366216     0.025544528994154457     0.7593523302750782     5     0.0    0.1
154     0.028694712192724313     0.028673053612072626     0.7593798361690034     5     0.0    0.1
155     0.03986219233437778     0.03986219233437778     0.759390551892551     5     0.0    0.1
156     0.01804900853822969     0.01801745040453007     0.7593619500540854     5     0.0    0.1
157     0.047143529313918714     0.04713530662940014     0.7592495758027553     5     0.0    0.1
158     0.020891479630087122     0.02070537389498395     0.7594173640454471     5     0.0    0.1
159     0.023058730458445365     0.022746303557851216     0.759373203016068     5     0.0    0.1
160     0.027252897195620254     0.02721953125982287     0.7593219649335339     5     0.0    0.1
161     0.022217454926450293     0.02187822407932678     0.7593991350266549     5     0.0    0.1
162     0.032817548146481204     0.03280852636717517     0.7593744989370776     5     0.0    0.1
163     0.05151778758735426     0.05143586006808858     0.7593183376909707     5     0.0    0.1
164     0.03171641003265521     0.03168535050220774     0.7593996419759605     5     0.0    0.1
165     0.03958106343383138     0.03957362245767258     0.7594608763088502     5     0.0    0.1
166     0.016565987775440504     0.016565987775440504     0.7593566670107066     5     0.0    0.1
167     0.04704020038685546     0.04691407685537761     0.7592389320686834     5     0.0    0.1
168     0.039526852269441366     0.039405219287946734     0.7593943433998476     5     0.0    0.1
169     0.02223180198225116     0.02217121897835019     0.7593730849186215     5     0.0    0.1
170     0.026765555473644488     0.02658406188537641     0.7593908826349036     5     0.0    0.1
171     0.02770543326583673     0.02768718883338763     0.7594441500516069     5     0.0    0.1
172     0.04411336463876413     0.0440867138138234     0.7593650782826842     5     0.0    0.1
173     0.057065400173852705     0.05695871036367154     0.759379726784772     5     0.0    0.1
174     0.024128143452671325     0.02402168579134857     0.7593633451401445     5     0.0    0.1
175     0.03433443416647231     0.034196578191615326     0.7593584968991962     5     0.0    0.1
176     0.01957984726893124     0.019564128397485628     0.7593683311262112     5     0.0    0.1
177     0.04759777557823593     0.04754559429716362     0.7593959146711882     5     0.0    0.1
178     0.030773082081227917     0.030769163722755954     0.7593604107815679     5     0.0    0.1
179     0.035271927756112556     0.035253988301884094     0.7593789654668939     5     0.0    0.1
180     0.027817664798087817     0.027817664798087817     0.7593647693851437     5     0.0    0.1
181     0.02537422237938131     0.02534869314446938     0.7593661610538334     5     0.0    0.1
182     0.02712641835980582     0.026839926242209336     0.7593645144075225     5     0.0    0.1
183     0.04255162116288686     0.04254516817997253     0.7593765417361169     5     0.0    0.1
184     0.02903089507033375     0.0287256522450088     0.7593644826151689     5     0.0    0.1
185     0.03271180172787992     0.03261758716080651     0.7593617188397559     5     0.0    0.1
186     0.029075680352227837     0.029070523701356092     0.7593530693919348     5     0.0    0.1
187     0.016396785721090393     0.01623222370286269     0.7593659776744346     5     0.0    0.1
188     0.04011636828975028     0.04011636828975028     0.7593145438349183     5     0.0    0.1
189     0.03074675420128284     0.03071344178151062     0.7593725955349413     5     0.0    0.1
190     0.028729533998846087     0.028478583223810233     0.7593607762911176     5     0.0    0.1
191     0.02140671218343534     0.02140671218343534     0.7593679512625897     5     0.0    0.1
192     0.027408914461561035     0.027184200306343644     0.7593352205268928     5     0.0    0.1
193     0.02432213903113764     0.024221281322885393     0.7593591423515136     5     0.0    0.1
194     0.034796065077402454     0.03477533833675645     0.7593736467934065     5     0.0    0.1
195     0.016555244900776596     0.01618070559777859     0.7593491446017424     5     0.0    0.1
196     0.03591106562681402     0.03589733927343035     0.7593442378534974     5     0.0    0.1
197     0.03638674660047539     0.03638648831183172     0.759354476868296     5     0.0    0.1
198     0.03990599746365438     0.03990599746365438     0.7593661228512758     5     0.0    0.1
199     0.035121268858859356     0.03509700098160712     0.7593434077435148     5     0.0    0.1
200     0.01599130442973966     0.015551890270218484     0.7593559476323009     5     0.0    0.1
201     0.028990194112366977     0.028736758560767017     0.7593492412300691     5     0.0    0.1
202     0.024496524359200036     0.02445846124986014     0.7593526189754272     5     0.0    0.1
203     0.03566867804339228     0.035661424668798215     0.7593275188111193     5     0.0    0.1
204     0.04195318872732931     0.04195318872732931     0.7593600156250773     5     0.0    0.1
205     0.0226786516457686     0.02258858861016056     0.7593375610354798     5     0.0    0.1
206     0.04155447098732484     0.041438088163418735     0.7593575169708515     5     0.0    0.1
207     0.03996361711713586     0.03988284914226311     0.7593314447360626     5     0.0    0.1
208     0.024697565795715998     0.024569241269456882     0.7593621127355448     5     0.0    0.1
209     0.03409050695563917     0.03409050695563917     0.7593730742427454     5     0.0    0.1
210     0.02810237998032508     0.028050713041408194     0.7593433166810968     5     0.0    0.1
211     0.019878601961044132     0.01984188547436424     0.7593580348277129     5     0.0    0.1
212     0.026212464814534445     0.026149168677445378     0.7593535331485839     5     0.0    0.1
213     0.03228324343156183     0.032157486370168444     0.7593573652980012     5     0.0    0.1
214     0.032164355406353234     0.03213892317258664     0.7593558339282822     5     0.0    0.1
215     0.018537730418978264     0.018373013036631726     0.7593647649356541     5     0.0    0.1
216     0.035478659318565205     0.0353746626763806     0.759344630355443     5     0.0    0.1
217     0.03712570471604905     0.03712398357161935     0.7593085198444385     5     0.0    0.1
218     0.029160188231085682     0.02900668378718511     0.7593666985769687     5     0.0    0.1
219     0.03294926758127924     0.03294926758127924     0.7594076103713121     5     0.0    0.1
220     0.030549046996571242     0.030545609679536987     0.7593288414592081     5     0.0    0.1
221     0.02663846080761167     0.026427975675458855     0.7592388275521245     5     0.0    0.1
222     0.03271497012607263     0.03265025723079409     0.7593860268619892     5     0.0    0.1
223     0.03294332613456364     0.03279938115964928     0.7594605769831873     5     0.0    0.1
224     0.03371904603177226     0.03368640672537592     0.7593336572565335     5     0.0    0.1
225     0.026412873251780447     0.026243589598069234     0.7593586293260302     5     0.0    0.1
226     0.023902560065450256     0.023902560065450256     0.759338333474119     5     0.0    0.1
227     0.044995089262312334     0.0449804264159357     0.7592968621434864     5     0.0    0.1
228     0.016983308845821093     0.016890763617992747     0.7593619723964338     5     0.0    0.1
229     0.024182151089669833     0.024182151089669833     0.75942695730933     5     0.0    0.1
230     0.03435375691085474     0.03429758045336915     0.7593270546849453     5     0.0    0.1
231     0.023032646242164133     0.02278864232851087     0.7592592204610895     5     0.0    0.1
232     0.034417259294673486     0.034379749172968     0.7593727024523957     5     0.0    0.1
233     0.052195074333890874     0.05214291323346216     0.7593429802094107     5     0.0    0.1
234     0.042793444986883825     0.042793444986883825     0.7593023895150708     5     0.0    0.1
235     0.0417843923542478     0.04176118007492257     0.7593677623892887     5     0.0    0.1
236     0.02800394100412899     0.02800394100412899     0.759442021316687     5     0.0    0.1
237     0.03308480190817603     0.03304827359404071     0.7593237274720508     5     0.0    0.1
238     0.028978994815944386     0.028976468763384017     0.7592112140767711     5     0.0    0.1
239     0.04572125414229455     0.04563297572160072     0.7593701550991483     5     0.0    0.1
240     0.020126525588667767     0.020010263765640288     0.7593435688909409     5     0.0    0.1
241     0.03695221329860115     0.03687563791986041     0.7593601153882901     5     0.0    0.1
242     0.02587881990138479     0.025865053635728205     0.7593425943129404     5     0.0    0.1
243     0.036532996009859466     0.036532996009859466     0.7593120137889571     5     0.0    0.1
244     0.025111121041916415     0.025110447208276328     0.7593599723352042     5     0.0    0.1
245     0.019834608950434224     0.019834608950434224     0.7594521665708243     5     0.0    0.1
246     0.03478114048588369     0.03467218174029388     0.7593278209331515     5     0.0    0.1
247     0.011004152880381987     0.010791820697430942     0.7593570166353771     5     0.0    0.1
248     0.055098435887908116     0.055095683514510635     0.7593313553867489     5     0.0    0.1
249     0.039835771967660735     0.039835735637000574     0.7593299990408866     5     0.0    0.1
250     0.0288458154354082     0.02883406595119253     0.7593338551290998     5     0.0    0.1
251     0.03305100017416763     0.033040935485466445     0.7593331046429626     5     0.0    0.1
252     0.02844388480400152     0.02833648138994623     0.7593542737197225     5     0.0    0.1
253     0.020253393374594524     0.020253393374594524     0.7594053866261419     5     0.0    0.1
254     0.04357920344945302     0.04357669395257725     0.759335744197827     5     0.0    0.1
255     0.020075944664905008     0.020069720766258462     0.7592558789201007     5     0.0    0.1
256     0.0370843362220472     0.03701553200952609     0.7593656603384602     5     0.0    0.1
257     0.02303558128454308     0.02303558128454308     0.7594299306576744     5     0.0    0.1
258     0.01697200835635678     0.01687513873616509     0.7593250853194036     5     0.0    0.1
259     0.042086830508820054     0.04200632891248039     0.7592256617577249     5     0.0    0.1
260     0.03062341630147944     0.030611724766529447     0.7593749949783017     5     0.0    0.1
261     0.025648960435152114     0.025517358630658585     0.7593511897210874     5     0.0    0.1
262     0.017126800790404385     0.017044156658607264     0.7593703098055045     5     0.0    0.1
263     0.03699141353136276     0.036974927918021434     0.7593961221596999     5     0.0    0.1
264     0.03175708246015953     0.031728433452345085     0.7593431893491953     5     0.0    0.1
265     0.033973385377525145     0.033973385377525145     0.7592352963394688     5     0.0    0.1
266     0.02396979366370055     0.023789049806259795     0.7593927157695788     5     0.0    0.1
267     0.02137509807100294     0.021308829603225343     0.7593539206607431     5     0.0    0.1
268     0.03451192334225235     0.03448315178051478     0.7593769473031813     5     0.0    0.1
269     0.03824689815464712     0.038142943811372655     0.7593574395531846     5     0.0    0.1
270     0.033659072757160416     0.03363466596388866     0.7593556041783103     5     0.0    0.1
271     0.03080881636881043     0.03080881636881043     0.7593090575372514     5     0.0    0.1
272     0.04787419936299336     0.04780624497336077     0.7593775466286701     5     0.0    0.1
273     0.029456646152388053     0.029453474379912775     0.7594541167310069     5     0.0    0.1
274     0.021062058625457625     0.021062058625457625     0.7593371125551585     5     0.0    0.1
275     0.03575894008935408     0.03575874175583934     0.7592725142454952     5     0.0    0.1
276     0.027915738708782077     0.027908077034981826     0.7593705966625492     5     0.0    0.1
277     0.03291287720896057     0.032872755589409185     0.7593473229181882     5     0.0    0.1
278     0.01610913619674638     0.016084396202656413     0.7593606524820729     5     0.0    0.1
279     0.023509311118327162     0.023360737897223535     0.7593879906285821     5     0.0    0.1
280     0.02536231365408183     0.025309580418444288     0.759339408949856     5     0.0    0.1
281     0.03953370376394238     0.039532946759542054     0.7592495960467431     5     0.0    0.1
282     0.03094809454501315     0.03092049036103765     0.7593722640231704     5     0.0    0.1
283     0.024782105435734492     0.024743684219448777     0.7594235388990427     5     0.0    0.1
284     0.03991208291596012     0.03986432742439552     0.7593411427528451     5     0.0    0.1
285     0.02732308813830755     0.027314218704329228     0.75935700639873     5     0.0    0.1
286     0.018470970021652152     0.018470970021652152     0.7593393106502759     5     0.0    0.1
287     0.030152670596999182     0.03013497884325657     0.7593584481218585     5     0.0    0.1
288     0.024317391914064727     0.024317391914064727     0.7593599351454401     5     0.0    0.1
289     0.01382669467735397     0.013635290121808917     0.759350009603466     5     0.0    0.1
290     0.05036117449453936     0.05035612634750444     0.7592809346399321     5     0.0    0.1
291     0.03053324066023249     0.03053324066023249     0.7593646160180185     5     0.0    0.1
292     0.04213185897238     0.04211015930088209     0.7593442127359111     5     0.0    0.1
293     0.03961123600405655     0.03961123600405655     0.7593626815669836     5     0.0    0.1
294     0.016823499397724623     0.01669723814647171     0.7593108224956779     5     0.0    0.1
295     0.03660718319256689     0.03658274676436675     0.7593733541848309     5     0.0    0.1
296     0.041171235387908234     0.041171235387908234     0.7593940037636884     5     0.0    0.1
297     0.030819333651942574     0.030799570043068124     0.7593298176597614     5     0.0    0.1
298     0.040200494600002364     0.04017648399338745     0.7592448713357669     5     0.0    0.1
299     0.01658907151295141     0.01658907151295141     0.7593811294293147     5     0.0    0.1
300     0.0366107123178282     0.036595612148679256     0.7594709108152102     5     0.0    0.1
-----------------------SSNEB Finished------------------------------
Image    ReCoords      E      RealForce      Image 
  0      0.000000      0.000000      0.000000   0 
  1      0.288892      0.006156     -0.049511   1 
  2      0.561189      0.035233     -0.194361   2 
  3      0.792922      0.135367     -0.601772   3 
  4      1.051299      0.447828     -1.438035   4 
  5      1.335621      0.759471     -0.008587   5 
  6      1.768783      0.320322      0.000000   6 
